<?xml version="1.0" encoding="UTF-8"?>
<testng-results skipped="0" failed="0" total="1" passed="1">
  <reporter-output>
  </reporter-output>
  <suite name="MyTestSuite" duration-ms="21720" started-at="2021-04-20T01:15:17Z" finished-at="2021-04-20T01:15:38Z">
    <groups>
    </groups>
    <test name="Test" duration-ms="21720" started-at="2021-04-20T01:15:17Z" finished-at="2021-04-20T01:15:38Z">
      <class name="testsuite.LoginTest">
        <test-method status="PASS" signature="setUp()" name="setUp" is-config="true" duration-ms="8379" started-at="2021-04-20T01:15:17Z" finished-at="2021-04-20T01:15:25Z">
        </test-method>
        <test-method status="PASS" signature="login(java.lang.String, java.lang.String)" name="login" duration-ms="13326" started-at="2021-04-20T01:15:25Z" finished-at="2021-04-20T01:15:38Z">
          <params>
            <param index="0">
              <value>
                <![CDATA[abc@gmail.com]]>
              </value>
            </param>
            <param index="1">
              <value>
                <![CDATA[omkar123]]>
              </value>
            </param>
          </params>
        </test-method>
      </class>
    </test>
  </suite>
</testng-results>
